<?xml version="1.0" encoding="UTF-8"?>
<testng-results ignored="0" total="1" passed="1" failed="0" skipped="0">
  <reporter-output>
  </reporter-output>
  <suite started-at="2022-11-07T20:10:51 IST" name="Default suite" finished-at="2022-11-07T20:11:43 IST" duration-ms="51242">
    <groups>
    </groups>
    <test started-at="2022-11-07T20:10:51 IST" name="Default test" finished-at="2022-11-07T20:11:43 IST" duration-ms="51242">
      <class name="org.codesy.GmailTest.PersonalInfoTest">
        <test-method is-config="true" signature="launchApplication()[pri:0, instance:org.codesy.GmailTest.PersonalInfoTest@6631f5ca]" started-at="2022-11-07T20:10:52 IST" name="launchApplication" finished-at="2022-11-07T20:11:17 IST" duration-ms="25062" status="PASS">
          <reporter-output>
          </reporter-output>
        </test-method> <!-- launchApplication -->
        <test-method signature="validateBasicInfo(java.util.HashMap)[pri:0, instance:org.codesy.GmailTest.PersonalInfoTest@6631f5ca]" started-at="2022-11-07T20:11:17 IST" name="validateBasicInfo" data-provider="getDataForBasicInfo" finished-at="2022-11-07T20:11:37 IST" duration-ms="19370" status="PASS">
          <params>
            <param index="0">
              <value>
                <![CDATA[{expectedName=Codesy Test, expectedGender=Male, password=Test@123, userName=codesytest, expectedBirthday=13 May 1990}]]>
              </value>
            </param>
          </params>
          <reporter-output>
          </reporter-output>
        </test-method> <!-- validateBasicInfo -->
        <test-method is-config="true" signature="closeBroswer()[pri:0, instance:org.codesy.GmailTest.PersonalInfoTest@6631f5ca]" started-at="2022-11-07T20:11:37 IST" name="closeBroswer" finished-at="2022-11-07T20:11:42 IST" duration-ms="5765" status="PASS">
          <reporter-output>
          </reporter-output>
        </test-method> <!-- closeBroswer -->
      </class> <!-- org.codesy.GmailTest.PersonalInfoTest -->
    </test> <!-- Default test -->
  </suite> <!-- Default suite -->
</testng-results>
