<?xml version="1.0" encoding="UTF-8"?>
<!-- Generated by org.testng.reporters.JUnitXMLReporter -->
<testsuite ignored="1" hostname="Rohit" failures="0" tests="2" name="Google Login Test" time="26.444" errors="0" timestamp="2022-11-01T17:00:31 IST">
  <testcase classname="org.codesy.GmailTest.GmailLoginTest" name="loginPositiveTestCase" time="9.791"/>
  <testcase classname="org.codesy.GmailTest.PersonalInfoTest" name="validateBasicInfo" time="11.178"/>
  <testcase classname="org.codesy.GmailTest.GmailLoginTest" name="loginNegativeTestCase" time="0.0">
    <ignored/>
  </testcase> <!-- loginNegativeTestCase -->
</testsuite> <!-- Google Login Test -->
