<?xml version="1.0" encoding="UTF-8"?>
<!-- Generated by org.testng.reporters.JUnitXMLReporter -->
<testsuite ignored="1" hostname="Rohit" failures="0" tests="1" name="Google Login" time="22.251" errors="0" timestamp="2022-11-01T20:53:16 IST">
  <testcase classname="org.codesy.GmailTest.GmailLoginTest" name="loginNegativeTestCase" time="12.899"/>
  <testcase classname="org.codesy.GmailTest.GmailLoginTest" name="loginPositiveTestCase" time="0.0">
    <ignored/>
  </testcase> <!-- loginPositiveTestCase -->
</testsuite> <!-- Google Login -->
