<?xml version="1.0" encoding="UTF-8"?>
<!-- Generated by org.testng.reporters.JUnitXMLReporter -->
<testsuite ignored="0" hostname="Rohit" failures="1" tests="1" name="Gmail Security Tips Test" time="35.041" errors="0" timestamp="2022-10-30T17:41:48 IST">
  <testcase classname="org.codesy.GmailTest.GmailSecurityTest" name="validateSecurityTips" time="27.938">
    <failure type="java.lang.AssertionError" message="Security Tip page NOT Open!! expected [true] but found [false]">
      <![CDATA[java.lang.AssertionError: Security Tip page NOT Open!! expected [true] but found [false]
at org.codesy.GmailTest.GmailSecurityTest.validateSecurityTips(GmailSecurityTest.java:45)
at java.base/java.util.ArrayList.forEach(ArrayList.java:1511)
... Removed 30 stack frames]]>
    </failure>
  </testcase> <!-- validateSecurityTips -->
</testsuite> <!-- Gmail Security Tips Test -->
