<?xml version="1.0" encoding="UTF-8"?>
<!-- Generated by org.testng.reporters.JUnitXMLReporter -->
<testsuite ignored="0" hostname="Rohit" failures="1" tests="3" name="Gmail Login Test" time="59.069" errors="0" timestamp="2022-10-30T17:48:13 IST">
  <testcase classname="org.codesy.GmailTest.GmailLoginTest" name="loginTest" time="15.205"/>
  <testcase classname="org.codesy.GmailTest.GmailSecurityTest" name="validateSecurityTips" time="28.379">
    <failure type="java.lang.AssertionError" message="Security Tip page NOT Open!! expected [true] but found [false]">
      <![CDATA[java.lang.AssertionError: Security Tip page NOT Open!! expected [true] but found [false]
at org.codesy.GmailTest.GmailSecurityTest.validateSecurityTips(GmailSecurityTest.java:45)
at java.base/java.util.ArrayList.forEach(ArrayList.java:1511)
at java.base/java.util.concurrent.FutureTask.run(FutureTask.java:264)
at java.base/java.util.concurrent.ThreadPoolExecutor.runWorker(ThreadPoolExecutor.java:1136)
at java.base/java.util.concurrent.ThreadPoolExecutor$Worker.run(ThreadPoolExecutor.java:635)
at java.base/java.lang.Thread.run(Thread.java:833)
... Removed 21 stack frames]]>
    </failure>
  </testcase> <!-- validateSecurityTips -->
  <testcase classname="org.codesy.GmailTest.GmailLoginTest" name="negativeLoginTest" time="13.854"/>
</testsuite> <!-- Gmail Login Test -->
